# JRE version: OpenJDK Runtime Environment Zulu17.32+13-CA (17.0.2+8) (build 17.0.2+8-LTS)
# Java VM: OpenJDK 64-Bit Server VM Zulu17.32+13-CA (17.0.2+8-LTS, mixed mode, sharing, tiered, compressed oops, compressed class ptrs, parallel gc, bsd-amd64)
GC Precious Log:
 CPUs: 16 total, 16 available
 Memory: 16384M
 Large Page Support: Disabled
 NUMA Support: Disabled
 Compressed Oops: Enabled (Zero based)
 Alignments: Space 512K, Generation 512K, Heap 2M
 Heap Min Capacity: 100M
 Heap Initial Capacity: 100M
 Heap Max Capacity: 1G
 Pre-touch: Disabled
 Parallel Workers: 13
Heap:
 PSYoungGen      total 36352K, used 36348K [0x00000007eab00000, 0x00000007ee080000, 0x0000000800000000)
  eden space 26624K, 100% used [0x00000007eab00000,0x00000007ec500000,0x00000007ec500000)
  from space 9728K, 99% used [0x00000007ec500000,0x00000007ece7f3e8,0x00000007ece80000)
  to   space 13312K, 51% used [0x00000007ed380000,0x00000007eda3e230,0x00000007ee080000)
 ParOldGen       total 228864K, used 163786K [0x00000007c0000000, 0x00000007cdf80000, 0x00000007eab00000)
  object space 228864K, 71% used [0x00000007c0000000,0x00000007c9ff2a08,0x00000007cdf80000)
 Metaspace       used 65321K, committed 66368K, reserved 1114112K
  class space    used 7859K, committed 8384K, reserved 1048576K
GC Heap History (20 events):
Event: 37.757 GC heap after
{Heap after GC invocations=157 (full 7):
 PSYoungGen      total 28160K, used 6648K [0x00000007eab00000, 0x00000007ece00000, 0x0000000800000000)
  eden space 21504K, 0% used [0x00000007eab00000,0x00000007eab00000,0x00000007ec000000)
  from space 6656K, 99% used [0x00000007ec780000,0x00000007ecdfe010,0x00000007ece00000)
  to   space 7168K, 0% used [0x00000007ec000000,0x00000007ec000000,0x00000007ec700000)
 ParOldGen       total 228864K, used 140873K [0x00000007c0000000, 0x00000007cdf80000, 0x00000007eab00000)
  object space 228864K, 61% used [0x00000007c0000000,0x00000007c89926d8,0x00000007cdf80000)
 Metaspace       used 65041K, committed 66048K, reserved 1114112K
  class space    used 7841K, committed 8320K, reserved 1048576K
}
Event: 37.864 GC heap before
{Heap before GC invocations=158 (full 7):
 PSYoungGen      total 28160K, used 28152K [0x00000007eab00000, 0x00000007ece00000, 0x0000000800000000)
  eden space 21504K, 100% used [0x00000007eab00000,0x00000007ec000000,0x00000007ec000000)
  from space 6656K, 99% used [0x00000007ec780000,0x00000007ecdfe010,0x00000007ece00000)
  to   space 7168K, 0% used [0x00000007ec000000,0x00000007ec000000,0x00000007ec700000)
 ParOldGen       total 228864K, used 140873K [0x00000007c0000000, 0x00000007cdf80000, 0x00000007eab00000)
  object space 228864K, 61% used [0x00000007c0000000,0x00000007c89926d8,0x00000007cdf80000)
 Metaspace       used 65044K, committed 66048K, reserved 1114112K
  class space    used 7841K, committed 8320K, reserved 1048576K
}
Event: 37.867 GC heap after
{Heap after GC invocations=158 (full 7):
 PSYoungGen      total 28672K, used 7159K [0x00000007eab00000, 0x00000007ede80000, 0x0000000800000000)
  eden space 21504K, 0% used [0x00000007eab00000,0x00000007eab00000,0x00000007ec000000)
  from space 7168K, 99% used [0x00000007ec000000,0x00000007ec6fdc28,0x00000007ec700000)
  to   space 14848K, 0% used [0x00000007ed000000,0x00000007ed000000,0x00000007ede80000)
 ParOldGen       total 228864K, used 147264K [0x00000007c0000000, 0x00000007cdf80000, 0x00000007eab00000)
  object space 228864K, 64% used [0x00000007c0000000,0x00000007c8fd0358,0x00000007cdf80000)
 Metaspace       used 65044K, committed 66048K, reserved 1114112K
  class space    used 7841K, committed 8320K, reserved 1048576K
}
Event: 38.272 GC heap before
{Heap before GC invocations=159 (full 7):
 PSYoungGen      total 28672K, used 28663K [0x00000007eab00000, 0x00000007ede80000, 0x0000000800000000)
  eden space 21504K, 100% used [0x00000007eab00000,0x00000007ec000000,0x00000007ec000000)
  from space 7168K, 99% used [0x00000007ec000000,0x00000007ec6fdc28,0x00000007ec700000)
  to   space 14848K, 0% used [0x00000007ed000000,0x00000007ed000000,0x00000007ede80000)
 ParOldGen       total 228864K, used 147264K [0x00000007c0000000, 0x00000007cdf80000, 0x00000007eab00000)
  object space 228864K, 64% used [0x00000007c0000000,0x00000007c8fd0358,0x00000007cdf80000)
 Metaspace       used 65169K, committed 66240K, reserved 1114112K
  class space    used 7848K, committed 8384K, reserved 1048576K
}
Event: 38.277 GC heap after
{Heap after GC invocations=159 (full 7):
 PSYoungGen      total 32768K, used 9942K [0x00000007eab00000, 0x00000007eda00000, 0x0000000800000000)
  eden space 22528K, 0% used [0x00000007eab00000,0x00000007eab00000,0x00000007ec100000)
  from space 10240K, 97% used [0x00000007ed000000,0x00000007ed9b5980,0x00000007eda00000)
  to   space 11264K, 0% used [0x00000007ec400000,0x00000007ec400000,0x00000007ecf00000)
 ParOldGen       total 228864K, used 149480K [0x00000007c0000000, 0x00000007cdf80000, 0x00000007eab00000)
  object space 228864K, 65% used [0x00000007c0000000,0x00000007c91fa368,0x00000007cdf80000)
 Metaspace       used 65169K, committed 66240K, reserved 1114112K
  class space    used 7848K, committed 8384K, reserved 1048576K
}
Event: 38.370 GC heap before
{Heap before GC invocations=160 (full 7):
 PSYoungGen      total 32768K, used 32470K [0x00000007eab00000, 0x00000007eda00000, 0x0000000800000000)
  eden space 22528K, 100% used [0x00000007eab00000,0x00000007ec100000,0x00000007ec100000)
  from space 10240K, 97% used [0x00000007ed000000,0x00000007ed9b5980,0x00000007eda00000)
  to   space 11264K, 0% used [0x00000007ec400000,0x00000007ec400000,0x00000007ecf00000)
 ParOldGen       total 228864K, used 149480K [0x00000007c0000000, 0x00000007cdf80000, 0x00000007eab00000)
  object space 228864K, 65% used [0x00000007c0000000,0x00000007c91fa368,0x00000007cdf80000)
 Metaspace       used 65173K, committed 66240K, reserved 1114112K
  class space    used 7848K, committed 8384K, reserved 1048576K
}
Event: 38.373 GC heap after
{Heap after GC invocations=160 (full 7):
 PSYoungGen      total 33280K, used 9261K [0x00000007eab00000, 0x00000007ed500000, 0x0000000800000000)
  eden space 23552K, 0% used [0x00000007eab00000,0x00000007eab00000,0x00000007ec200000)
  from space 9728K, 95% used [0x00000007ec400000,0x00000007ecd0b478,0x00000007ecd80000)
  to   space 7680K, 0% used [0x00000007ecd80000,0x00000007ecd80000,0x00000007ed500000)
 ParOldGen       total 228864K, used 149480K [0x00000007c0000000, 0x00000007cdf80000, 0x00000007eab00000)
  object space 228864K, 65% used [0x00000007c0000000,0x00000007c91fa368,0x00000007cdf80000)
 Metaspace       used 65173K, committed 66240K, reserved 1114112K
  class space    used 7848K, committed 8384K, reserved 1048576K
}
Event: 38.423 GC heap before
{Heap before GC invocations=161 (full 7):
 PSYoungGen      total 33280K, used 32813K [0x00000007eab00000, 0x00000007ed500000, 0x0000000800000000)
  eden space 23552K, 100% used [0x00000007eab00000,0x00000007ec200000,0x00000007ec200000)
  from space 9728K, 95% used [0x00000007ec400000,0x00000007ecd0b478,0x00000007ecd80000)
  to   space 7680K, 0% used [0x00000007ecd80000,0x00000007ecd80000,0x00000007ed500000)
 ParOldGen       total 228864K, used 149480K [0x00000007c0000000, 0x00000007cdf80000, 0x00000007eab00000)
  object space 228864K, 65% used [0x00000007c0000000,0x00000007c91fa368,0x00000007cdf80000)
 Metaspace       used 65174K, committed 66240K, reserved 1114112K
  class space    used 7848K, committed 8384K, reserved 1048576K
}
Event: 38.426 GC heap after
{Heap after GC invocations=161 (full 7):
 PSYoungGen      total 30720K, used 7679K [0x00000007eab00000, 0x00000007edb80000, 0x0000000800000000)
  eden space 23040K, 0% used [0x00000007eab00000,0x00000007eab00000,0x00000007ec180000)
  from space 7680K, 99% used [0x00000007ecd80000,0x00000007ed4ffdb8,0x00000007ed500000)
  to   space 12288K, 0% used [0x00000007ec180000,0x00000007ec180000,0x00000007ecd80000)
 ParOldGen       total 228864K, used 153469K [0x00000007c0000000, 0x00000007cdf80000, 0x00000007eab00000)
  object space 228864K, 67% used [0x00000007c0000000,0x00000007c95df6a0,0x00000007cdf80000)
 Metaspace       used 65174K, committed 66240K, reserved 1114112K
  class space    used 7848K, committed 8384K, reserved 1048576K
}
Event: 38.506 GC heap before
{Heap before GC invocations=162 (full 7):
 PSYoungGen      total 30720K, used 30719K [0x00000007eab00000, 0x00000007edb80000, 0x0000000800000000)
  eden space 23040K, 100% used [0x00000007eab00000,0x00000007ec180000,0x00000007ec180000)
  from space 7680K, 99% used [0x00000007ecd80000,0x00000007ed4ffdb8,0x00000007ed500000)
  to   space 12288K, 0% used [0x00000007ec180000,0x00000007ec180000,0x00000007ecd80000)
 ParOldGen       total 228864K, used 153469K [0x00000007c0000000, 0x00000007cdf80000, 0x00000007eab00000)
  object space 228864K, 67% used [0x00000007c0000000,0x00000007c95df6a0,0x00000007cdf80000)
 Metaspace       used 65178K, committed 66304K, reserved 1114112K
  class space    used 7848K, committed 8384K, reserved 1048576K
}
Event: 38.509 GC heap after
{Heap after GC invocations=162 (full 7):
 PSYoungGen      total 30720K, used 7221K [0x00000007eab00000, 0x00000007ed480000, 0x0000000800000000)
  eden space 23040K, 0% used [0x00000007eab00000,0x00000007eab00000,0x00000007ec180000)
  from space 7680K, 94% used [0x00000007ec180000,0x00000007ec88d468,0x00000007ec900000)
  to   space 9216K, 0% used [0x00000007ecb80000,0x00000007ecb80000,0x00000007ed480000)
 ParOldGen       total 228864K, used 154325K [0x00000007c0000000, 0x00000007cdf80000, 0x00000007eab00000)
  object space 228864K, 67% used [0x00000007c0000000,0x00000007c96b56a0,0x00000007cdf80000)
 Metaspace       used 65178K, committed 66304K, reserved 1114112K
  class space    used 7848K, committed 8384K, reserved 1048576K
}
Event: 38.567 GC heap before
{Heap before GC invocations=163 (full 7):
 PSYoungGen      total 30720K, used 30261K [0x00000007eab00000, 0x00000007ed480000, 0x0000000800000000)
  eden space 23040K, 100% used [0x00000007eab00000,0x00000007ec180000,0x00000007ec180000)
  from space 7680K, 94% used [0x00000007ec180000,0x00000007ec88d468,0x00000007ec900000)
  to   space 9216K, 0% used [0x00000007ecb80000,0x00000007ecb80000,0x00000007ed480000)
 ParOldGen       total 228864K, used 154325K [0x00000007c0000000, 0x00000007cdf80000, 0x00000007eab00000)
  object space 228864K, 67% used [0x00000007c0000000,0x00000007c96b56a0,0x00000007cdf80000)
 Metaspace       used 65198K, committed 66304K, reserved 1114112K
  class space    used 7851K, committed 8384K, reserved 1048576K
}
Event: 38.570 GC heap after
{Heap after GC invocations=163 (full 7):
 PSYoungGen      total 32256K, used 7871K [0x00000007eab00000, 0x00000007ed380000, 0x0000000800000000)
  eden space 24064K, 0% used [0x00000007eab00000,0x00000007eab00000,0x00000007ec280000)
  from space 8192K, 96% used [0x00000007ecb80000,0x00000007ed32fc68,0x00000007ed380000)
  to   space 8192K, 0% used [0x00000007ec380000,0x00000007ec380000,0x00000007ecb80000)
 ParOldGen       total 228864K, used 154325K [0x00000007c0000000, 0x00000007cdf80000, 0x00000007eab00000)
  object space 228864K, 67% used [0x00000007c0000000,0x00000007c96b56a0,0x00000007cdf80000)
 Metaspace       used 65198K, committed 66304K, reserved 1114112K
  class space    used 7851K, committed 8384K, reserved 1048576K
}
Event: 38.610 GC heap before
{Heap before GC invocations=164 (full 7):
 PSYoungGen      total 32256K, used 31935K [0x00000007eab00000, 0x00000007ed380000, 0x0000000800000000)
  eden space 24064K, 100% used [0x00000007eab00000,0x00000007ec280000,0x00000007ec280000)
  from space 8192K, 96% used [0x00000007ecb80000,0x00000007ed32fc68,0x00000007ed380000)
  to   space 8192K, 0% used [0x00000007ec380000,0x00000007ec380000,0x00000007ecb80000)
 ParOldGen       total 228864K, used 154325K [0x00000007c0000000, 0x00000007cdf80000, 0x00000007eab00000)
  object space 228864K, 67% used [0x00000007c0000000,0x00000007c96b56a0,0x00000007cdf80000)
 Metaspace       used 65232K, committed 66304K, reserved 1114112K
  class space    used 7857K, committed 8384K, reserved 1048576K
}
Event: 38.612 GC heap after
{Heap after GC invocations=164 (full 7):
 PSYoungGen      total 33280K, used 8189K [0x00000007eab00000, 0x00000007eda00000, 0x0000000800000000)
  eden space 25088K, 0% used [0x00000007eab00000,0x00000007eab00000,0x00000007ec380000)
  from space 8192K, 99% used [0x00000007ec380000,0x00000007ecb7f6d0,0x00000007ecb80000)
  to   space 11264K, 0% used [0x00000007ecf00000,0x00000007ecf00000,0x00000007eda00000)
 ParOldGen       total 228864K, used 156455K [0x00000007c0000000, 0x00000007cdf80000, 0x00000007eab00000)
  object space 228864K, 68% used [0x00000007c0000000,0x00000007c98c9f98,0x00000007cdf80000)
 Metaspace       used 65232K, committed 66304K, reserved 1114112K
  class space    used 7857K, committed 8384K, reserved 1048576K
}
Event: 38.683 GC heap before
{Heap before GC invocations=165 (full 7):
 PSYoungGen      total 33280K, used 33277K [0x00000007eab00000, 0x00000007eda00000, 0x0000000800000000)
  eden space 25088K, 100% used [0x00000007eab00000,0x00000007ec380000,0x00000007ec380000)
  from space 8192K, 99% used [0x00000007ec380000,0x00000007ecb7f6d0,0x00000007ecb80000)
  to   space 11264K, 0% used [0x00000007ecf00000,0x00000007ecf00000,0x00000007eda00000)
 ParOldGen       total 228864K, used 156455K [0x00000007c0000000, 0x00000007cdf80000, 0x00000007eab00000)
  object space 228864K, 68% used [0x00000007c0000000,0x00000007c98c9f98,0x00000007cdf80000)
 Metaspace       used 65236K, committed 66304K, reserved 1114112K
  class space    used 7857K, committed 8384K, reserved 1048576K
}
Event: 38.685 GC heap after
{Heap after GC invocations=165 (full 7):
 PSYoungGen      total 35840K, used 8625K [0x00000007eab00000, 0x00000007ed800000, 0x0000000800000000)
  eden space 26624K, 0% used [0x00000007eab00000,0x00000007eab00000,0x00000007ec500000)
  from space 9216K, 93% used [0x00000007ecf00000,0x00000007ed76c458,0x00000007ed800000)
  to   space 9728K, 0% used [0x00000007ec500000,0x00000007ec500000,0x00000007ece80000)
 ParOldGen       total 228864K, used 158695K [0x00000007c0000000, 0x00000007cdf80000, 0x00000007eab00000)
  object space 228864K, 69% used [0x00000007c0000000,0x00000007c9af9fa0,0x00000007cdf80000)
 Metaspace       used 65236K, committed 66304K, reserved 1114112K
  class space    used 7857K, committed 8384K, reserved 1048576K
}
Event: 38.723 GC heap before
{Heap before GC invocations=166 (full 7):
 PSYoungGen      total 35840K, used 35249K [0x00000007eab00000, 0x00000007ed800000, 0x0000000800000000)
  eden space 26624K, 100% used [0x00000007eab00000,0x00000007ec500000,0x00000007ec500000)
  from space 9216K, 93% used [0x00000007ecf00000,0x00000007ed76c458,0x00000007ed800000)
  to   space 9728K, 0% used [0x00000007ec500000,0x00000007ec500000,0x00000007ece80000)
 ParOldGen       total 228864K, used 158695K [0x00000007c0000000, 0x00000007cdf80000, 0x00000007eab00000)
  object space 228864K, 69% used [0x00000007c0000000,0x00000007c9af9fa0,0x00000007cdf80000)
 Metaspace       used 65303K, committed 66368K, reserved 1114112K
  class space    used 7859K, committed 8384K, reserved 1048576K
}
Event: 38.725 GC heap after
{Heap after GC invocations=166 (full 7):
 PSYoungGen      total 36352K, used 9724K [0x00000007eab00000, 0x00000007ee080000, 0x0000000800000000)
  eden space 26624K, 0% used [0x00000007eab00000,0x00000007eab00000,0x00000007ec500000)
  from space 9728K, 99% used [0x00000007ec500000,0x00000007ece7f3e8,0x00000007ece80000)
  to   space 13312K, 0% used [0x00000007ed380000,0x00000007ed380000,0x00000007ee080000)
 ParOldGen       total 228864K, used 161147K [0x00000007c0000000, 0x00000007cdf80000, 0x00000007eab00000)
  object space 228864K, 70% used [0x00000007c0000000,0x00000007c9d5ed48,0x00000007cdf80000)
 Metaspace       used 65303K, committed 66368K, reserved 1114112K
  class space    used 7859K, committed 8384K, reserved 1048576K
}
Event: 38.779 GC heap before
{Heap before GC invocations=167 (full 7):
 PSYoungGen      total 36352K, used 36348K [0x00000007eab00000, 0x00000007ee080000, 0x0000000800000000)
  eden space 26624K, 100% used [0x00000007eab00000,0x00000007ec500000,0x00000007ec500000)
  from space 9728K, 99% used [0x00000007ec500000,0x00000007ece7f3e8,0x00000007ece80000)
  to   space 13312K, 0% used [0x00000007ed380000,0x00000007ed380000,0x00000007ee080000)
 ParOldGen       total 228864K, used 161147K [0x00000007c0000000, 0x00000007cdf80000, 0x00000007eab00000)
  object space 228864K, 70% used [0x00000007c0000000,0x00000007c9d5ed48,0x00000007cdf80000)
 Metaspace       used 65321K, committed 66368K, reserved 1114112K
  class space    used 7859K, committed 8384K, reserved 1048576K
}

