# JRE version: OpenJDK Runtime Environment Zulu17.32+13-CA (17.0.2+8) (build 17.0.2+8-LTS)
# Java VM: OpenJDK 64-Bit Server VM Zulu17.32+13-CA (17.0.2+8-LTS, mixed mode, sharing, tiered, compressed oops, compressed class ptrs, parallel gc, bsd-amd64)
GC Precious Log:
 CPUs: 16 total, 16 available
 Memory: 16384M
 Large Page Support: Disabled
 NUMA Support: Disabled
 Compressed Oops: Enabled (Zero based)
 Alignments: Space 512K, Generation 512K, Heap 2M
 Heap Min Capacity: 100M
 Heap Initial Capacity: 100M
 Heap Max Capacity: 1G
 Pre-touch: Disabled
 Parallel Workers: 13
Heap:
 PSYoungGen      total 5632K, used 1440K [0x00000007eab00000, 0x00000007eb280000, 0x0000000800000000)
  eden space 4096K, 0% used [0x00000007eab00000,0x00000007eab00000,0x00000007eaf00000)
  from space 1536K, 93% used [0x00000007eb100000,0x00000007eb268000,0x00000007eb280000)
  to   space 1536K, 0% used [0x00000007eaf80000,0x00000007eaf80000,0x00000007eb100000)
 ParOldGen       total 321536K, used 321154K [0x00000007c0000000, 0x00000007d3a00000, 0x00000007eab00000)
  object space 321536K, 99% used [0x00000007c0000000,0x00000007d39a08f8,0x00000007d3a00000)
 Metaspace       used 80868K, committed 81920K, reserved 1122304K
  class space    used 9340K, committed 9792K, reserved 1048576K
GC Heap History (20 events):
Event: 481.857 GC heap after
{Heap after GC invocations=1567 (full 36):
 PSYoungGen      total 5632K, used 1530K [0x00000007eab00000, 0x00000007eb400000, 0x0000000800000000)
  eden space 4096K, 0% used [0x00000007eab00000,0x00000007eab00000,0x00000007eaf00000)
  from space 1536K, 99% used [0x00000007eaf80000,0x00000007eb0fe900,0x00000007eb100000)
  to   space 2560K, 0% used [0x00000007eb180000,0x00000007eb180000,0x00000007eb400000)
 ParOldGen       total 321024K, used 315927K [0x00000007c0000000, 0x00000007d3980000, 0x00000007eab00000)
  object space 321024K, 98% used [0x00000007c0000000,0x00000007d3485dc8,0x00000007d3980000)
 Metaspace       used 80852K, committed 81856K, reserved 1122304K
  class space    used 9340K, committed 9792K, reserved 1048576K
}
Event: 481.865 GC heap before
{Heap before GC invocations=1568 (full 36):
 PSYoungGen      total 5632K, used 5626K [0x00000007eab00000, 0x00000007eb400000, 0x0000000800000000)
  eden space 4096K, 100% used [0x00000007eab00000,0x00000007eaf00000,0x00000007eaf00000)
  from space 1536K, 99% used [0x00000007eaf80000,0x00000007eb0fe900,0x00000007eb100000)
  to   space 2560K, 0% used [0x00000007eb180000,0x00000007eb180000,0x00000007eb400000)
 ParOldGen       total 321024K, used 315927K [0x00000007c0000000, 0x00000007d3980000, 0x00000007eab00000)
  object space 321024K, 98% used [0x00000007c0000000,0x00000007d3485dc8,0x00000007d3980000)
 Metaspace       used 80868K, committed 81920K, reserved 1122304K
  class space    used 9340K, committed 9792K, reserved 1048576K
}
Event: 481.866 GC heap after
{Heap after GC invocations=1568 (full 36):
 PSYoungGen      total 5120K, used 778K [0x00000007eab00000, 0x00000007eb280000, 0x0000000800000000)
  eden space 4096K, 0% used [0x00000007eab00000,0x00000007eab00000,0x00000007eaf00000)
  from space 1024K, 76% used [0x00000007eb180000,0x00000007eb242910,0x00000007eb280000)
  to   space 1536K, 0% used [0x00000007eaf80000,0x00000007eaf80000,0x00000007eb100000)
 ParOldGen       total 321024K, used 316437K [0x00000007c0000000, 0x00000007d3980000, 0x00000007eab00000)
  object space 321024K, 98% used [0x00000007c0000000,0x00000007d3505548,0x00000007d3980000)
 Metaspace       used 80868K, committed 81920K, reserved 1122304K
  class space    used 9340K, committed 9792K, reserved 1048576K
}
Event: 481.876 GC heap before
{Heap before GC invocations=1569 (full 36):
 PSYoungGen      total 5120K, used 4874K [0x00000007eab00000, 0x00000007eb280000, 0x0000000800000000)
  eden space 4096K, 100% used [0x00000007eab00000,0x00000007eaf00000,0x00000007eaf00000)
  from space 1024K, 76% used [0x00000007eb180000,0x00000007eb242910,0x00000007eb280000)
  to   space 1536K, 0% used [0x00000007eaf80000,0x00000007eaf80000,0x00000007eb100000)
 ParOldGen       total 321024K, used 316437K [0x00000007c0000000, 0x00000007d3980000, 0x00000007eab00000)
  object space 321024K, 98% used [0x00000007c0000000,0x00000007d3505548,0x00000007d3980000)
 Metaspace       used 80868K, committed 81920K, reserved 1122304K
  class space    used 9340K, committed 9792K, reserved 1048576K
}
Event: 481.877 GC heap after
{Heap after GC invocations=1569 (full 36):
 PSYoungGen      total 5632K, used 1524K [0x00000007eab00000, 0x00000007eb400000, 0x0000000800000000)
  eden space 4096K, 0% used [0x00000007eab00000,0x00000007eab00000,0x00000007eaf00000)
  from space 1536K, 99% used [0x00000007eaf80000,0x00000007eb0fd200,0x00000007eb100000)
  to   space 2560K, 0% used [0x00000007eb180000,0x00000007eb180000,0x00000007eb400000)
 ParOldGen       total 321024K, used 316998K [0x00000007c0000000, 0x00000007d3980000, 0x00000007eab00000)
  object space 321024K, 98% used [0x00000007c0000000,0x00000007d3591930,0x00000007d3980000)
 Metaspace       used 80868K, committed 81920K, reserved 1122304K
  class space    used 9340K, committed 9792K, reserved 1048576K
}
Event: 481.886 GC heap before
{Heap before GC invocations=1570 (full 36):
 PSYoungGen      total 5632K, used 5620K [0x00000007eab00000, 0x00000007eb400000, 0x0000000800000000)
  eden space 4096K, 100% used [0x00000007eab00000,0x00000007eaf00000,0x00000007eaf00000)
  from space 1536K, 99% used [0x00000007eaf80000,0x00000007eb0fd200,0x00000007eb100000)
  to   space 2560K, 0% used [0x00000007eb180000,0x00000007eb180000,0x00000007eb400000)
 ParOldGen       total 321024K, used 316998K [0x00000007c0000000, 0x00000007d3980000, 0x00000007eab00000)
  object space 321024K, 98% used [0x00000007c0000000,0x00000007d3591930,0x00000007d3980000)
 Metaspace       used 80868K, committed 81920K, reserved 1122304K
  class space    used 9340K, committed 9792K, reserved 1048576K
}
Event: 481.887 GC heap after
{Heap after GC invocations=1570 (full 36):
 PSYoungGen      total 5120K, used 634K [0x00000007eab00000, 0x00000007eb280000, 0x0000000800000000)
  eden space 4096K, 0% used [0x00000007eab00000,0x00000007eab00000,0x00000007eaf00000)
  from space 1024K, 61% used [0x00000007eb180000,0x00000007eb21e900,0x00000007eb280000)
  to   space 1536K, 0% used [0x00000007eaf80000,0x00000007eaf80000,0x00000007eb100000)
 ParOldGen       total 321024K, used 317632K [0x00000007c0000000, 0x00000007d3980000, 0x00000007eab00000)
  object space 321024K, 98% used [0x00000007c0000000,0x00000007d36300c0,0x00000007d3980000)
 Metaspace       used 80868K, committed 81920K, reserved 1122304K
  class space    used 9340K, committed 9792K, reserved 1048576K
}
Event: 481.894 GC heap before
{Heap before GC invocations=1571 (full 36):
 PSYoungGen      total 5120K, used 4730K [0x00000007eab00000, 0x00000007eb280000, 0x0000000800000000)
  eden space 4096K, 100% used [0x00000007eab00000,0x00000007eaf00000,0x00000007eaf00000)
  from space 1024K, 61% used [0x00000007eb180000,0x00000007eb21e900,0x00000007eb280000)
  to   space 1536K, 0% used [0x00000007eaf80000,0x00000007eaf80000,0x00000007eb100000)
 ParOldGen       total 321024K, used 317632K [0x00000007c0000000, 0x00000007d3980000, 0x00000007eab00000)
  object space 321024K, 98% used [0x00000007c0000000,0x00000007d36300c0,0x00000007d3980000)
 Metaspace       used 80868K, committed 81920K, reserved 1122304K
  class space    used 9340K, committed 9792K, reserved 1048576K
}
Event: 481.895 GC heap after
{Heap after GC invocations=1571 (full 36):
 PSYoungGen      total 5632K, used 1440K [0x00000007eab00000, 0x00000007eb300000, 0x0000000800000000)
  eden space 4096K, 0% used [0x00000007eab00000,0x00000007eab00000,0x00000007eaf00000)
  from space 1536K, 93% used [0x00000007eaf80000,0x00000007eb0e8000,0x00000007eb100000)
  to   space 2048K, 0% used [0x00000007eb100000,0x00000007eb100000,0x00000007eb300000)
 ParOldGen       total 321024K, used 318116K [0x00000007c0000000, 0x00000007d3980000, 0x00000007eab00000)
  object space 321024K, 99% used [0x00000007c0000000,0x00000007d36a92e0,0x00000007d3980000)
 Metaspace       used 80868K, committed 81920K, reserved 1122304K
  class space    used 9340K, committed 9792K, reserved 1048576K
}
Event: 481.902 GC heap before
{Heap before GC invocations=1572 (full 36):
 PSYoungGen      total 5632K, used 5536K [0x00000007eab00000, 0x00000007eb300000, 0x0000000800000000)
  eden space 4096K, 100% used [0x00000007eab00000,0x00000007eaf00000,0x00000007eaf00000)
  from space 1536K, 93% used [0x00000007eaf80000,0x00000007eb0e8000,0x00000007eb100000)
  to   space 2048K, 0% used [0x00000007eb100000,0x00000007eb100000,0x00000007eb300000)
 ParOldGen       total 321024K, used 318116K [0x00000007c0000000, 0x00000007d3980000, 0x00000007eab00000)
  object space 321024K, 99% used [0x00000007c0000000,0x00000007d36a92e0,0x00000007d3980000)
 Metaspace       used 80868K, committed 81920K, reserved 1122304K
  class space    used 9340K, committed 9792K, reserved 1048576K
}
Event: 481.903 GC heap after
{Heap after GC invocations=1572 (full 36):
 PSYoungGen      total 6144K, used 1578K [0x00000007eab00000, 0x00000007eb300000, 0x0000000800000000)
  eden space 4096K, 0% used [0x00000007eab00000,0x00000007eab00000,0x00000007eaf00000)
  from space 2048K, 77% used [0x00000007eb100000,0x00000007eb28a910,0x00000007eb300000)
  to   space 2048K, 0% used [0x00000007eaf00000,0x00000007eaf00000,0x00000007eb100000)
 ParOldGen       total 321024K, used 319409K [0x00000007c0000000, 0x00000007d3980000, 0x00000007eab00000)
  object space 321024K, 99% used [0x00000007c0000000,0x00000007d37ec4c8,0x00000007d3980000)
 Metaspace       used 80868K, committed 81920K, reserved 1122304K
  class space    used 9340K, committed 9792K, reserved 1048576K
}
Event: 481.910 GC heap before
{Heap before GC invocations=1573 (full 36):
 PSYoungGen      total 6144K, used 5674K [0x00000007eab00000, 0x00000007eb300000, 0x0000000800000000)
  eden space 4096K, 100% used [0x00000007eab00000,0x00000007eaf00000,0x00000007eaf00000)
  from space 2048K, 77% used [0x00000007eb100000,0x00000007eb28a910,0x00000007eb300000)
  to   space 2048K, 0% used [0x00000007eaf00000,0x00000007eaf00000,0x00000007eb100000)
 ParOldGen       total 321024K, used 319409K [0x00000007c0000000, 0x00000007d3980000, 0x00000007eab00000)
  object space 321024K, 99% used [0x00000007c0000000,0x00000007d37ec4c8,0x00000007d3980000)
 Metaspace       used 80868K, committed 81920K, reserved 1122304K
  class space    used 9340K, committed 9792K, reserved 1048576K
}
Event: 481.911 GC heap after
{Heap after GC invocations=1573 (full 36):
 PSYoungGen      total 5120K, used 868K [0x00000007eab00000, 0x00000007eb200000, 0x0000000800000000)
  eden space 4096K, 0% used [0x00000007eab00000,0x00000007eab00000,0x00000007eaf00000)
  from space 1024K, 84% used [0x00000007eaf00000,0x00000007eafd9210,0x00000007eb000000)
  to   space 1536K, 0% used [0x00000007eb080000,0x00000007eb080000,0x00000007eb200000)
 ParOldGen       total 321024K, used 319746K [0x00000007c0000000, 0x00000007d3980000, 0x00000007eab00000)
  object space 321024K, 99% used [0x00000007c0000000,0x00000007d38408a8,0x00000007d3980000)
 Metaspace       used 80868K, committed 81920K, reserved 1122304K
  class space    used 9340K, committed 9792K, reserved 1048576K
}
Event: 485.901 GC heap before
{Heap before GC invocations=1574 (full 36):
 PSYoungGen      total 5120K, used 4964K [0x00000007eab00000, 0x00000007eb200000, 0x0000000800000000)
  eden space 4096K, 100% used [0x00000007eab00000,0x00000007eaf00000,0x00000007eaf00000)
  from space 1024K, 84% used [0x00000007eaf00000,0x00000007eafd9210,0x00000007eb000000)
  to   space 1536K, 0% used [0x00000007eb080000,0x00000007eb080000,0x00000007eb200000)
 ParOldGen       total 321024K, used 319746K [0x00000007c0000000, 0x00000007d3980000, 0x00000007eab00000)
  object space 321024K, 99% used [0x00000007c0000000,0x00000007d38408a8,0x00000007d3980000)
 Metaspace       used 80868K, committed 81920K, reserved 1122304K
  class space    used 9340K, committed 9792K, reserved 1048576K
}
Event: 485.902 GC heap after
{Heap after GC invocations=1574 (full 36):
 PSYoungGen      total 4608K, used 256K [0x00000007eab00000, 0x00000007eb100000, 0x0000000800000000)
  eden space 4096K, 0% used [0x00000007eab00000,0x00000007eab00000,0x00000007eaf00000)
  from space 512K, 50% used [0x00000007eb080000,0x00000007eb0c0000,0x00000007eb100000)
  to   space 1024K, 0% used [0x00000007eaf00000,0x00000007eaf00000,0x00000007eb000000)
 ParOldGen       total 321024K, used 319754K [0x00000007c0000000, 0x00000007d3980000, 0x00000007eab00000)
  object space 321024K, 99% used [0x00000007c0000000,0x00000007d38428a8,0x00000007d3980000)
 Metaspace       used 80868K, committed 81920K, reserved 1122304K
  class space    used 9340K, committed 9792K, reserved 1048576K
}
Event: 485.905 GC heap before
{Heap before GC invocations=1575 (full 36):
 PSYoungGen      total 4608K, used 4352K [0x00000007eab00000, 0x00000007eb100000, 0x0000000800000000)
  eden space 4096K, 100% used [0x00000007eab00000,0x00000007eaf00000,0x00000007eaf00000)
  from space 512K, 50% used [0x00000007eb080000,0x00000007eb0c0000,0x00000007eb100000)
  to   space 1024K, 0% used [0x00000007eaf00000,0x00000007eaf00000,0x00000007eb000000)
 ParOldGen       total 321024K, used 319754K [0x00000007c0000000, 0x00000007d3980000, 0x00000007eab00000)
  object space 321024K, 99% used [0x00000007c0000000,0x00000007d38428a8,0x00000007d3980000)
 Metaspace       used 80868K, committed 81920K, reserved 1122304K
  class space    used 9340K, committed 9792K, reserved 1048576K
}
Event: 485.906 GC heap after
{Heap after GC invocations=1575 (full 36):
 PSYoungGen      total 5120K, used 1017K [0x00000007eab00000, 0x00000007eb300000, 0x0000000800000000)
  eden space 4096K, 0% used [0x00000007eab00000,0x00000007eab00000,0x00000007eaf00000)
  from space 1024K, 99% used [0x00000007eaf00000,0x00000007eaffe410,0x00000007eb000000)
  to   space 2048K, 0% used [0x00000007eb100000,0x00000007eb100000,0x00000007eb300000)
 ParOldGen       total 321024K, used 320114K [0x00000007c0000000, 0x00000007d3980000, 0x00000007eab00000)
  object space 321024K, 99% used [0x00000007c0000000,0x00000007d389c8c8,0x00000007d3980000)
 Metaspace       used 80868K, committed 81920K, reserved 1122304K
  class space    used 9340K, committed 9792K, reserved 1048576K
}
Event: 485.910 GC heap before
{Heap before GC invocations=1576 (full 36):
 PSYoungGen      total 5120K, used 5113K [0x00000007eab00000, 0x00000007eb300000, 0x0000000800000000)
  eden space 4096K, 100% used [0x00000007eab00000,0x00000007eaf00000,0x00000007eaf00000)
  from space 1024K, 99% used [0x00000007eaf00000,0x00000007eaffe410,0x00000007eb000000)
  to   space 2048K, 0% used [0x00000007eb100000,0x00000007eb100000,0x00000007eb300000)
 ParOldGen       total 321024K, used 320114K [0x00000007c0000000, 0x00000007d3980000, 0x00000007eab00000)
  object space 321024K, 99% used [0x00000007c0000000,0x00000007d389c8c8,0x00000007d3980000)
 Metaspace       used 80868K, committed 81920K, reserved 1122304K
  class space    used 9340K, committed 9792K, reserved 1048576K
}
Event: 485.912 GC heap after
{Heap after GC invocations=1576 (full 36):
 PSYoungGen      total 5632K, used 1440K [0x00000007eab00000, 0x00000007eb280000, 0x0000000800000000)
  eden space 4096K, 0% used [0x00000007eab00000,0x00000007eab00000,0x00000007eaf00000)
  from space 1536K, 93% used [0x00000007eb100000,0x00000007eb268000,0x00000007eb280000)
  to   space 1536K, 0% used [0x00000007eaf80000,0x00000007eaf80000,0x00000007eb100000)
 ParOldGen       total 321536K, used 321154K [0x00000007c0000000, 0x00000007d3a00000, 0x00000007eab00000)
  object space 321536K, 99% used [0x00000007c0000000,0x00000007d39a08f8,0x00000007d3a00000)
 Metaspace       used 80868K, committed 81920K, reserved 1122304K
  class space    used 9340K, committed 9792K, reserved 1048576K
}
Event: 485.912 GC heap before
{Heap before GC invocations=1577 (full 37):
 PSYoungGen      total 5632K, used 1440K [0x00000007eab00000, 0x00000007eb280000, 0x0000000800000000)
  eden space 4096K, 0% used [0x00000007eab00000,0x00000007eab00000,0x00000007eaf00000)
  from space 1536K, 93% used [0x00000007eb100000,0x00000007eb268000,0x00000007eb280000)
  to   space 1536K, 0% used [0x00000007eaf80000,0x00000007eaf80000,0x00000007eb100000)
 ParOldGen       total 321536K, used 321154K [0x00000007c0000000, 0x00000007d3a00000, 0x00000007eab00000)
  object space 321536K, 99% used [0x00000007c0000000,0x00000007d39a08f8,0x00000007d3a00000)
 Metaspace       used 80868K, committed 81920K, reserved 1122304K
  class space    used 9340K, committed 9792K, reserved 1048576K
}

